app/build/intermediates/manifest_merge_blame_file/debug/manifest-merger-blame-debug-report.txt
1<?xml version="1.0" encoding="utf-8"?>
2<manifest xmlns:android="http://schemas.android.com/apk/res/android"
3    package="com.abcaprende.leer"
4    android:versionCode="1"
5    android:versionName="1.0" >
6
7    <uses-sdk
8        android:minSdkVersion="21"
9        android:targetSdkVersion="33" />
10
11    <!-- Permisos necesarios -->
12    <uses-permission android:name="android.permission.RECORD_AUDIO" />
12-->src\main\AndroidManifest.xml:6:5-71
12-->src\main\AndroidManifest.xml:6:22-68
13    <uses-permission android:name="android.permission.INTERNET" />
13-->src\main\AndroidManifest.xml:7:5-67
13-->src\main\AndroidManifest.xml:7:22-64
14    <uses-permission
14-->src\main\AndroidManifest.xml:8:5-9:38
15        android:name="android.permission.WRITE_EXTERNAL_STORAGE"
15-->src\main\AndroidManifest.xml:8:22-78
16        android:maxSdkVersion="28" />
16-->src\main\AndroidManifest.xml:9:9-35
17    <uses-permission
17-->src\main\AndroidManifest.xml:10:5-11:38
18        android:name="android.permission.READ_EXTERNAL_STORAGE"
18-->src\main\AndroidManifest.xml:10:22-77
19        android:maxSdkVersion="32" />
19-->src\main\AndroidManifest.xml:11:9-35
20
21    <!-- Características requeridas -->
22    <uses-feature
22-->src\main\AndroidManifest.xml:14:5-16:36
23        android:name="android.hardware.microphone"
23-->src\main\AndroidManifest.xml:15:9-51
24        android:required="false" />
24-->src\main\AndroidManifest.xml:16:9-33
25    <uses-feature
25-->src\main\AndroidManifest.xml:18:5-20:35
26        android:name="android.hardware.touchscreen"
26-->src\main\AndroidManifest.xml:19:9-52
27        android:required="true" />
27-->src\main\AndroidManifest.xml:20:9-32
28
29    <application
29-->src\main\AndroidManifest.xml:22:5-44:19
30        android:name="com.abcaprende.leer.ABCAprendeApplication"
30-->src\main\AndroidManifest.xml:23:9-46
31        android:allowBackup="true"
31-->src\main\AndroidManifest.xml:24:9-35
32        android:appComponentFactory="androidx.core.app.CoreComponentFactory"
32-->[androidx.core:core:1.5.0] AndroidManifest.xml:24:18-86
33        android:debuggable="true"
34        android:extractNativeLibs="true"
35        android:hardwareAccelerated="true"
35-->src\main\AndroidManifest.xml:28:9-43
36        android:label="@string/app_name"
36-->src\main\AndroidManifest.xml:25:9-41
37        android:supportsRtl="true"
37-->src\main\AndroidManifest.xml:26:9-35
38        android:theme="@style/Theme.ABCAprende" >
38-->src\main\AndroidManifest.xml:27:9-48
39        <activity
39-->src\main\AndroidManifest.xml:30:9-41:20
40            android:name="com.abcaprende.leer.MainActivity"
40-->src\main\AndroidManifest.xml:31:13-41
41            android:configChanges="orientation|keyboardHidden|screenSize"
41-->src\main\AndroidManifest.xml:36:13-74
42            android:exported="true"
42-->src\main\AndroidManifest.xml:32:13-36
43            android:label="@string/app_name"
43-->src\main\AndroidManifest.xml:33:13-45
44            android:screenOrientation="portrait"
44-->src\main\AndroidManifest.xml:35:13-49
45            android:theme="@style/Theme.ABCAprende" >
45-->src\main\AndroidManifest.xml:34:13-52
46            <intent-filter>
46-->src\main\AndroidManifest.xml:37:13-40:29
47                <action android:name="android.intent.action.MAIN" />
47-->src\main\AndroidManifest.xml:38:17-69
47-->src\main\AndroidManifest.xml:38:25-66
48
49                <category android:name="android.intent.category.LAUNCHER" />
49-->src\main\AndroidManifest.xml:39:17-77
49-->src\main\AndroidManifest.xml:39:27-74
50            </intent-filter>
51        </activity>
52    </application>
53
54</manifest>